<?xml version="1.0" encoding="UTF-8"?>
<!-- Generated by org.testng.reporters.JUnitXMLReporter -->
<testsuite hostname="DESKTOP-T1BHBE0" failures="0" tests="5" name="Command line test" time="0.035" errors="0" timestamp="7 Nov 2019 01:00:18 GMT">
  <testcase classname="com.mycompany.vjezba2.myCRC32NGTest" name="testGetValue" time="0.013"/>
  <testcase classname="com.mycompany.vjezba2.myCRC32NGTest" name="testReset" time="0.001"/>
  <testcase classname="com.mycompany.vjezba2.myCRC32NGTest" name="testUpdate_3args" time="0.0"/>
  <testcase classname="com.mycompany.vjezba2.myCRC32NGTest" name="testUpdate_byteArr" time="0.0"/>
  <testcase classname="com.mycompany.vjezba2.myCRC32NGTest" name="testUpdate_int" time="0.0"/>
</testsuite> <!-- Command line test -->
