<?xml version="1.0" encoding="UTF-8"?>
<testng-results total="5" passed="5" failed="0" skipped="0">
  <reporter-output>
  </reporter-output>
  <suite started-at="2019-11-08T13:40:21Z" name="Command line suite" finished-at="2019-11-08T13:40:21Z" duration-ms="25">
    <groups>
    </groups>
    <test started-at="2019-11-08T13:40:21Z" name="Command line test" finished-at="2019-11-08T13:40:21Z" duration-ms="25">
      <class name="com.mycompany.vjezba2.CRC32NGTest">
        <test-method is-config="true" signature="setUpClass()[pri:0, instance:com.mycompany.vjezba2.CRC32NGTest@bd8db5a]" started-at="2019-11-08T14:40:21Z" name="setUpClass" finished-at="2019-11-08T14:40:21Z" duration-ms="0" status="PASS">
          <reporter-output>
          </reporter-output>
        </test-method> <!-- setUpClass -->
        <test-method signature="testReset()[pri:0, instance:com.mycompany.vjezba2.CRC32NGTest@bd8db5a]" started-at="2019-11-08T14:40:21Z" name="testReset" finished-at="2019-11-08T14:40:21Z" duration-ms="0" status="PASS">
          <reporter-output>
          </reporter-output>
        </test-method> <!-- testReset -->
        <test-method is-config="true" signature="setUpMethod()[pri:0, instance:com.mycompany.vjezba2.CRC32NGTest@bd8db5a]" started-at="2019-11-08T14:40:21Z" name="setUpMethod" finished-at="2019-11-08T14:40:21Z" duration-ms="0" status="PASS">
          <reporter-output>
          </reporter-output>
        </test-method> <!-- setUpMethod -->
        <test-method signature="testUpdate_3args()[pri:0, instance:com.mycompany.vjezba2.CRC32NGTest@bd8db5a]" started-at="2019-11-08T14:40:21Z" name="testUpdate_3args" finished-at="2019-11-08T14:40:21Z" duration-ms="0" status="PASS">
          <reporter-output>
          </reporter-output>
        </test-method> <!-- testUpdate_3args -->
        <test-method is-config="true" signature="setUpMethod()[pri:0, instance:com.mycompany.vjezba2.CRC32NGTest@bd8db5a]" started-at="2019-11-08T14:40:21Z" name="setUpMethod" finished-at="2019-11-08T14:40:21Z" duration-ms="0" status="PASS">
          <reporter-output>
          </reporter-output>
        </test-method> <!-- setUpMethod -->
        <test-method is-config="true" signature="setUpMethod()[pri:0, instance:com.mycompany.vjezba2.CRC32NGTest@bd8db5a]" started-at="2019-11-08T14:40:21Z" name="setUpMethod" finished-at="2019-11-08T14:40:21Z" duration-ms="0" status="PASS">
          <reporter-output>
          </reporter-output>
        </test-method> <!-- setUpMethod -->
        <test-method signature="testUpdate_int()[pri:0, instance:com.mycompany.vjezba2.CRC32NGTest@bd8db5a]" started-at="2019-11-08T14:40:21Z" name="testUpdate_int" finished-at="2019-11-08T14:40:21Z" duration-ms="0" status="PASS">
          <reporter-output>
          </reporter-output>
        </test-method> <!-- testUpdate_int -->
        <test-method is-config="true" signature="setUpMethod()[pri:0, instance:com.mycompany.vjezba2.CRC32NGTest@bd8db5a]" started-at="2019-11-08T14:40:21Z" name="setUpMethod" finished-at="2019-11-08T14:40:21Z" duration-ms="0" status="PASS">
          <reporter-output>
          </reporter-output>
        </test-method> <!-- setUpMethod -->
        <test-method is-config="true" signature="setUpMethod()[pri:0, instance:com.mycompany.vjezba2.CRC32NGTest@bd8db5a]" started-at="2019-11-08T14:40:21Z" name="setUpMethod" finished-at="2019-11-08T14:40:21Z" duration-ms="0" status="PASS">
          <reporter-output>
          </reporter-output>
        </test-method> <!-- setUpMethod -->
        <test-method is-config="true" signature="tearDownMethod()[pri:0, instance:com.mycompany.vjezba2.CRC32NGTest@bd8db5a]" started-at="2019-11-08T14:40:21Z" name="tearDownMethod" finished-at="2019-11-08T14:40:21Z" duration-ms="0" status="PASS">
          <reporter-output>
          </reporter-output>
        </test-method> <!-- tearDownMethod -->
        <test-method signature="testGetValue()[pri:0, instance:com.mycompany.vjezba2.CRC32NGTest@bd8db5a]" started-at="2019-11-08T14:40:21Z" name="testGetValue" finished-at="2019-11-08T14:40:21Z" duration-ms="0" status="PASS">
          <reporter-output>
          </reporter-output>
        </test-method> <!-- testGetValue -->
        <test-method signature="testUpdate_byteArr()[pri:0, instance:com.mycompany.vjezba2.CRC32NGTest@bd8db5a]" started-at="2019-11-08T14:40:21Z" name="testUpdate_byteArr" finished-at="2019-11-08T14:40:21Z" duration-ms="0" status="PASS">
          <reporter-output>
          </reporter-output>
        </test-method> <!-- testUpdate_byteArr -->
        <test-method is-config="true" signature="tearDownMethod()[pri:0, instance:com.mycompany.vjezba2.CRC32NGTest@bd8db5a]" started-at="2019-11-08T14:40:21Z" name="tearDownMethod" finished-at="2019-11-08T14:40:21Z" duration-ms="0" status="PASS">
          <reporter-output>
          </reporter-output>
        </test-method> <!-- tearDownMethod -->
        <test-method is-config="true" signature="tearDownMethod()[pri:0, instance:com.mycompany.vjezba2.CRC32NGTest@bd8db5a]" started-at="2019-11-08T14:40:21Z" name="tearDownMethod" finished-at="2019-11-08T14:40:21Z" duration-ms="0" status="PASS">
          <reporter-output>
          </reporter-output>
        </test-method> <!-- tearDownMethod -->
        <test-method is-config="true" signature="tearDownMethod()[pri:0, instance:com.mycompany.vjezba2.CRC32NGTest@bd8db5a]" started-at="2019-11-08T14:40:21Z" name="tearDownMethod" finished-at="2019-11-08T14:40:21Z" duration-ms="0" status="PASS">
          <reporter-output>
          </reporter-output>
        </test-method> <!-- tearDownMethod -->
        <test-method is-config="true" signature="tearDownClass()[pri:0, instance:com.mycompany.vjezba2.CRC32NGTest@bd8db5a]" started-at="2019-11-08T14:40:21Z" name="tearDownClass" finished-at="2019-11-08T14:40:21Z" duration-ms="0" status="PASS">
          <reporter-output>
          </reporter-output>
        </test-method> <!-- tearDownClass -->
        <test-method is-config="true" signature="tearDownMethod()[pri:0, instance:com.mycompany.vjezba2.CRC32NGTest@bd8db5a]" started-at="2019-11-08T14:40:21Z" name="tearDownMethod" finished-at="2019-11-08T14:40:21Z" duration-ms="0" status="PASS">
          <reporter-output>
          </reporter-output>
        </test-method> <!-- tearDownMethod -->
      </class> <!-- com.mycompany.vjezba2.CRC32NGTest -->
    </test> <!-- Command line test -->
  </suite> <!-- Command line suite -->
</testng-results>
