<?xml version="1.0" encoding="UTF-8" ?>
<testsuite tests="5" failures="0" name="TestSuite" time="0.014" errors="0" skipped="0">
  <properties>
[...]
</properties>
  <testcase classname="com.mycompany.vjezba2.myCRC32NGTest" name="testGetValue" time="0.014"/>
  <testcase classname="com.mycompany.vjezba2.myCRC32NGTest" name="testReset" time="0"/>
  <testcase classname="com.mycompany.vjezba2.myCRC32NGTest" name="testUpdate_3args" time="0"/>
  <testcase classname="com.mycompany.vjezba2.myCRC32NGTest" name="testUpdate_byteArr" time="0"/>
  <testcase classname="com.mycompany.vjezba2.myCRC32NGTest" name="testUpdate_int" time="0"/>
</testsuite>